<?xml version="1.0" encoding="UTF-8"?>
<!-- Generated by org.testng.reporters.JUnitReportReporter -->
<testsuite hostname="DESKTOP-2KSBLML" name="wagftrestassured.wagftrestassured.TestRun" tests="1" failures="0" timestamp="8 Jan 2020 16:30:54 GMT" time="0.306" errors="0">
  <testcase name="feature" time="0.306" classname="wagftrestassured.wagftrestassured.TestRun"/>
</testsuite> <!-- wagftrestassured.wagftrestassured.TestRun -->
