<?xml version="1.0" encoding="UTF-8"?>
<!-- Generated by org.testng.reporters.JUnitReportReporter -->
<testsuite hostname="DESKTOP-2KSBLML" name="wagftrestassured.wagftrestassured.TestRun.TestRun" tests="1" failures="0" timestamp="8 Jan 2020 17:57:12 GMT" time="0.010" errors="0">
  <testcase name="feature" time="0.010" classname="wagftrestassured.wagftrestassured.TestRun.TestRun"/>
</testsuite> <!-- wagftrestassured.wagftrestassured.TestRun.TestRun -->
