<?xml version="1.0" encoding="UTF-8"?>
<!-- Generated by org.testng.reporters.JUnitReportReporter -->
<testsuite hostname="DESKTOP-2KSBLML" name="wagftrestassured.wagftrestassured.TestRun" tests="1" failures="0" timestamp="9 Jan 2020 16:30:36 GMT" time="2.244" errors="0">
  <testcase name="feature" time="2.244" classname="wagftrestassured.wagftrestassured.TestRun"/>
</testsuite> <!-- wagftrestassured.wagftrestassured.TestRun -->
